<ns0:test-suite xmlns:ns0="urn:model.allure.qatools.yandex.ru" start="1559832216944" stop="1559832217054">
  <name>scripts.test_login</name>
  <labels/>
  <test-cases>
    <test-case start="1559832216944" status="failed" stop="1559832217034">
      <name>TestLogin.test_login_001</name>
      <failure>
        <message>AssertionError: assert 0</message>
        <stack-trace>self = &lt;scripts.test_login.TestLogin object at 0x0000023846F16860&gt;

    def test_login_001(self):
&gt;       assert 0
E       assert 0

scripts\test_login.py:4: AssertionError</stack-trace>
      </failure>
      <attachments/>
      <labels>
        <label name="severity" value="normal"/>
        <label name="thread" value="3440-MainThread"/>
        <label name="host" value="XIEQIQI"/>
        <label name="framework" value="pytest"/>
        <label name="language" value="cpython3"/>
      </labels>
      <steps/>
    </test-case>
    <test-case start="1559832217034" status="failed" stop="1559832217044">
      <name>TestLogin.test_login_002</name>
      <failure>
        <message>AssertionError: assert 0</message>
        <stack-trace>self = &lt;scripts.test_login.TestLogin object at 0x0000023846F1BC50&gt;

    def test_login_002(self):
&gt;       assert 0
E       assert 0

scripts\test_login.py:7: AssertionError</stack-trace>
      </failure>
      <attachments/>
      <labels>
        <label name="severity" value="normal"/>
        <label name="thread" value="3440-MainThread"/>
        <label name="host" value="XIEQIQI"/>
        <label name="framework" value="pytest"/>
        <label name="language" value="cpython3"/>
      </labels>
      <steps/>
    </test-case>
    <test-case start="1559832217044" status="passed" stop="1559832217054">
      <name>TestLogin.test_login_003</name>
      <attachments/>
      <labels>
        <label name="severity" value="normal"/>
        <label name="thread" value="3440-MainThread"/>
        <label name="host" value="XIEQIQI"/>
        <label name="framework" value="pytest"/>
        <label name="language" value="cpython3"/>
      </labels>
      <steps/>
    </test-case>
  </test-cases>
</ns0:test-suite>
